<?xml version="1.0" encoding="UTF-8"?>
<!-- Generated by org.testng.reporters.JUnitXMLReporter -->
<testsuite ignored="0" hostname="Pruthviraj" failures="0" tests="5" name="PersonalLoanDept" time="379.655" errors="0" timestamp="2021-07-07T16:22:45 IST">
  <testcase classname="org.flipcart.PersonalLoanDept.PersonalLoan" name="registerInToPersonalLoan" time="0.018"/>
  <testcase classname="org.flipcart.PersonalLoanDept.PersonalLoan" name="VerifyDocuments" time="0.001"/>
  <testcase classname="org.flipcart.PersonalLoanDept.PersonalLoan" name="approveLoan" time="0.001"/>
  <testcase classname="org.flipcart.PersonalLoanDept.PersonalLoan" name="creditAmount" time="0.001"/>
  <testcase classname="org.flipcart.PersonalLoanDept.PersonalLoan" name="AutoSugestionDrop" time="379.469"/>
</testsuite> <!-- PersonalLoanDept -->
