<?xml version="1.0" encoding="UTF-8"?>
<testng-results ignored="0" total="5" passed="5" failed="0" skipped="0">
  <reporter-output>
  </reporter-output>
  <suite started-at="2021-07-07T16:16:25 IST" name="Suite" finished-at="2021-07-07T16:22:44 IST" duration-ms="379655">
    <groups>
    </groups>
    <test started-at="2021-07-07T16:16:25 IST" name="PersonalLoanDept" finished-at="2021-07-07T16:22:44 IST" duration-ms="379655">
      <class name="org.flipcart.PersonalLoanDept.PersonalLoan">
        <test-method signature="AutoSugestionDrop()[pri:0, instance:org.flipcart.PersonalLoanDept.PersonalLoan@70325e14]" started-at="2021-07-07T16:16:25 IST" name="AutoSugestionDrop" finished-at="2021-07-07T16:22:44 IST" duration-ms="379469" status="PASS">
          <reporter-output>
          </reporter-output>
        </test-method> <!-- AutoSugestionDrop -->
        <test-method signature="registerInToPersonalLoan()[pri:1, instance:org.flipcart.PersonalLoanDept.PersonalLoan@70325e14]" started-at="2021-07-07T16:16:25 IST" name="registerInToPersonalLoan" finished-at="2021-07-07T16:16:25 IST" duration-ms="18" status="PASS">
          <reporter-output>
          </reporter-output>
        </test-method> <!-- registerInToPersonalLoan -->
        <test-method signature="VerifyDocuments()[pri:2, instance:org.flipcart.PersonalLoanDept.PersonalLoan@70325e14]" started-at="2021-07-07T16:16:25 IST" name="VerifyDocuments" finished-at="2021-07-07T16:16:25 IST" duration-ms="1" status="PASS">
          <reporter-output>
          </reporter-output>
        </test-method> <!-- VerifyDocuments -->
        <test-method signature="approveLoan()[pri:3, instance:org.flipcart.PersonalLoanDept.PersonalLoan@70325e14]" started-at="2021-07-07T16:16:25 IST" name="approveLoan" finished-at="2021-07-07T16:16:25 IST" duration-ms="1" status="PASS">
          <reporter-output>
          </reporter-output>
        </test-method> <!-- approveLoan -->
        <test-method signature="creditAmount()[pri:4, instance:org.flipcart.PersonalLoanDept.PersonalLoan@70325e14]" started-at="2021-07-07T16:16:25 IST" name="creditAmount" finished-at="2021-07-07T16:16:25 IST" duration-ms="1" status="PASS">
          <reporter-output>
          </reporter-output>
        </test-method> <!-- creditAmount -->
      </class> <!-- org.flipcart.PersonalLoanDept.PersonalLoan -->
    </test> <!-- PersonalLoanDept -->
  </suite> <!-- Suite -->
</testng-results>
