<?xml version="1.0" encoding="UTF-8"?>
<testsuite xmlns:xsi="http://www.w3.org/2001/XMLSchema-instance" xsi:noNamespaceSchemaLocation="https://maven.apache.org/surefire/maven-surefire-plugin/xsd/surefire-test-report.xsd" name="TestSuite" time="382.856" tests="5" errors="0" skipped="0" failures="0">
  <properties>
[...]
</properties>
  <testcase name="registerInToPersonalLoan" classname="org.flipcart.PersonalLoanDept.PersonalLoan" time="0.026"/>
  <testcase name="VerifyDocuments" classname="org.flipcart.PersonalLoanDept.PersonalLoan" time="0.011"/>
  <testcase name="approveLoan" classname="org.flipcart.PersonalLoanDept.PersonalLoan" time="0.004"/>
  <testcase name="creditAmount" classname="org.flipcart.PersonalLoanDept.PersonalLoan" time="0.006"/>
  <testcase name="AutoSugestionDrop" classname="org.flipcart.PersonalLoanDept.PersonalLoan" time="379.411"/>
</testsuite>